{"numTotalTestSuites":34,"numPassedTestSuites":34,"numFailedTestSuites":0,"numPendingTestSuites":0,"numTotalTests":58,"numPassedTests":58,"numFailedTests":0,"numPendingTests":0,"numTodoTests":0,"snapshot":{"added":0,"failure":false,"filesAdded":0,"filesRemoved":0,"filesRemovedList":[],"filesUnmatched":0,"filesUpdated":0,"matched":0,"total":0,"unchecked":0,"uncheckedKeysByFile":[],"unmatched":0,"updated":0,"didUpdate":false},"startTime":1771259201564,"success":true,"testResults":[{"assertionResults":[{"ancestorTitles":["useDebounce"],"fullName":"useDebounce returns the latest value only after the delay","status":"passed","title":"returns the latest value only after the delay","duration":35.540500000000065,"failureMessages":[],"meta":{}},{"ancestorTitles":["useDebounce"],"fullName":"useDebounce cancels older timers and keeps only the final update","status":"passed","title":"cancels older timers and keeps only the final update","duration":5.492699999999786,"failureMessages":[],"meta":{}}],"startTime":1771259205905,"endTime":1771259205945.4927,"status":"passed","message":"","name":"C:/Users/ALI ALHADDAD/OneDrive/Desktop/kuwaittravel/src/hooks/useDebounce.test.tsx"},{"assertionResults":[{"ancestorTitles":["StatCard"],"fullName":"StatCard renders title, value, and positive trend","status":"passed","title":"renders title, value, and positive trend","duration":82.01499999999987,"failureMessages":[],"meta":{}},{"ancestorTitles":["StatCard"],"fullName":"StatCard renders negative trend text","status":"passed","title":"renders negative trend text","duration":9.622199999999793,"failureMessages":[],"meta":{}}],"startTime":1771259206150,"endTime":1771259206241.6223,"status":"passed","message":"","name":"C:/Users/ALI ALHADDAD/OneDrive/Desktop/kuwaittravel/src/components/data-display/StatCard.test.tsx"},{"assertionResults":[{"ancestorTitles":["SearchInput"],"fullName":"SearchInput calls onSearch initially and after debounce on typing","status":"passed","title":"calls onSearch initially and after debounce on typing","duration":219.64910000000054,"failureMessages":[],"meta":{}},{"ancestorTitles":["SearchInput"],"fullName":"SearchInput clears the query when clear button is clicked","status":"passed","title":"clears the query when clear button is clicked","duration":39.98769999999968,"failureMessages":[],"meta":{}},{"ancestorTitles":["SearchInput"],"fullName":"SearchInput updates search icon color on focus and blur","status":"passed","title":"updates search icon color on focus and blur","duration":19.11999999999989,"failureMessages":[],"meta":{}}],"startTime":1771259206157,"endTime":1771259206436.12,"status":"passed","message":"","name":"C:/Users/ALI ALHADDAD/OneDrive/Desktop/kuwaittravel/src/components/forms/SearchInput.test.tsx"},{"assertionResults":[{"ancestorTitles":["BottomNav"],"fullName":"BottomNav highlights the active route and uses active icon","status":"passed","title":"highlights the active route and uses active icon","duration":174.39350000000013,"failureMessages":[],"meta":{}},{"ancestorTitles":["BottomNav"],"fullName":"BottomNav renders notification dot for flagged items","status":"passed","title":"renders notification dot for flagged items","duration":9.421400000000176,"failureMessages":[],"meta":{}},{"ancestorTitles":["BottomNav"],"fullName":"BottomNav updates active route styles when pathname changes","status":"passed","title":"updates active route styles when pathname changes","duration":20.655599999999595,"failureMessages":[],"meta":{}}],"startTime":1771259205982,"endTime":1771259206186.6555,"status":"passed","message":"","name":"C:/Users/ALI ALHADDAD/OneDrive/Desktop/kuwaittravel/src/components/layout/BottomNav.test.tsx"},{"assertionResults":[{"ancestorTitles":["TripCard"],"fullName":"TripCard renders trip details and remaining seats text","status":"passed","title":"renders trip details and remaining seats text","duration":160.87599999999975,"failureMessages":[],"meta":{}},{"ancestorTitles":["TripCard"],"fullName":"TripCard fires onClick when card is clicked","status":"passed","title":"fires onClick when card is clicked","duration":26.45379999999932,"failureMessages":[],"meta":{}},{"ancestorTitles":["TripCard"],"fullName":"TripCard renders full state when no capacity remains","status":"passed","title":"renders full state when no capacity remains","duration":14.98950000000059,"failureMessages":[],"meta":{}},{"ancestorTitles":["TripCard"],"fullName":"TripCard handles wishlist toggle without triggering card click","status":"passed","title":"handles wishlist toggle without triggering card click","duration":154.08060000000023,"failureMessages":[],"meta":{}}],"startTime":1771259206249,"endTime":1771259206606.0806,"status":"passed","message":"","name":"C:/Users/ALI ALHADDAD/OneDrive/Desktop/kuwaittravel/src/components/shared/TripCard.test.tsx"},{"assertionResults":[{"ancestorTitles":["Button"],"fullName":"Button renders content and handles clicks","status":"passed","title":"renders content and handles clicks","duration":191.5852,"failureMessages":[],"meta":{}},{"ancestorTitles":["Button"],"fullName":"Button disables interaction and shows spinner when loading","status":"passed","title":"disables interaction and shows spinner when loading","duration":20.420900000000074,"failureMessages":[],"meta":{}},{"ancestorTitles":["Button"],"fullName":"Button renders optional left and right icons","status":"passed","title":"renders optional left and right icons","duration":6.404399999999896,"failureMessages":[],"meta":{}},{"ancestorTitles":["Button"],"fullName":"Button supports full-width layout","status":"passed","title":"supports full-width layout","duration":12.39930000000004,"failureMessages":[],"meta":{}}],"startTime":1771259206124,"endTime":1771259206355.3994,"status":"passed","message":"","name":"C:/Users/ALI ALHADDAD/OneDrive/Desktop/kuwaittravel/src/components/ui/Button.test.tsx"},{"assertionResults":[{"ancestorTitles":["EmptyState"],"fullName":"EmptyState renders title, description, and icon","status":"passed","title":"renders title, description, and icon","duration":67.52430000000004,"failureMessages":[],"meta":{}},{"ancestorTitles":["EmptyState"],"fullName":"EmptyState calls action callback when CTA is clicked","status":"passed","title":"calls action callback when CTA is clicked","duration":125.6302999999998,"failureMessages":[],"meta":{}}],"startTime":1771259206130,"endTime":1771259206322.6304,"status":"passed","message":"","name":"C:/Users/ALI ALHADDAD/OneDrive/Desktop/kuwaittravel/src/components/ui/EmptyState.test.tsx"},{"assertionResults":[{"ancestorTitles":["Input"],"fullName":"Input binds the label to the generated input id","status":"passed","title":"binds the label to the generated input id","duration":80.92259999999987,"failureMessages":[],"meta":{}},{"ancestorTitles":["Input"],"fullName":"Input renders hint when no error is provided","status":"passed","title":"renders hint when no error is provided","duration":10.858000000000175,"failureMessages":[],"meta":{}},{"ancestorTitles":["Input"],"fullName":"Input renders error and hides hint when validation fails","status":"passed","title":"renders error and hides hint when validation fails","duration":6.835000000000036,"failureMessages":[],"meta":{}},{"ancestorTitles":["Input"],"fullName":"Input renders left and right addons","status":"passed","title":"renders left and right addons","duration":7.585399999999936,"failureMessages":[],"meta":{}},{"ancestorTitles":["Input"],"fullName":"Input accepts user input through onChange","status":"passed","title":"accepts user input through onChange","duration":13.488299999999981,"failureMessages":[],"meta":{}}],"startTime":1771259205980,"endTime":1771259206099.4883,"status":"passed","message":"","name":"C:/Users/ALI ALHADDAD/OneDrive/Desktop/kuwaittravel/src/components/ui/Input.test.tsx"},{"assertionResults":[{"ancestorTitles":["Modal"],"fullName":"Modal does not render when closed","status":"passed","title":"does not render when closed","duration":43.94409999999971,"failureMessages":[],"meta":{}},{"ancestorTitles":["Modal"],"fullName":"Modal renders dialog content and locks body scroll when open","status":"passed","title":"renders dialog content and locks body scroll when open","duration":146.16930000000002,"failureMessages":[],"meta":{}},{"ancestorTitles":["Modal"],"fullName":"Modal calls onClose when Escape is pressed","status":"passed","title":"calls onClose when Escape is pressed","duration":9.610299999999825,"failureMessages":[],"meta":{}},{"ancestorTitles":["Modal"],"fullName":"Modal calls onClose when backdrop is clicked","status":"passed","title":"calls onClose when backdrop is clicked","duration":13.67830000000049,"failureMessages":[],"meta":{}},{"ancestorTitles":["Modal"],"fullName":"Modal restores body scroll when modal closes","status":"passed","title":"restores body scroll when modal closes","duration":8.167899999999463,"failureMessages":[],"meta":{}}],"startTime":1771259206140,"endTime":1771259206361.168,"status":"passed","message":"","name":"C:/Users/ALI ALHADDAD/OneDrive/Desktop/kuwaittravel/src/components/ui/Modal.test.tsx"},{"assertionResults":[{"ancestorTitles":["Textarea"],"fullName":"Textarea binds the label to the generated textarea id","status":"passed","title":"binds the label to the generated textarea id","duration":73.9079999999999,"failureMessages":[],"meta":{}},{"ancestorTitles":["Textarea"],"fullName":"Textarea shows hint text when there is no error","status":"passed","title":"shows hint text when there is no error","duration":15.67599999999993,"failureMessages":[],"meta":{}},{"ancestorTitles":["Textarea"],"fullName":"Textarea shows error message and suppresses hint","status":"passed","title":"shows error message and suppresses hint","duration":7.2029999999999745,"failureMessages":[],"meta":{}},{"ancestorTitles":["Textarea"],"fullName":"Textarea handles user typing","status":"passed","title":"handles user typing","duration":15.194100000000162,"failureMessages":[],"meta":{}}],"startTime":1771259205982,"endTime":1771259206094.194,"status":"passed","message":"","name":"C:/Users/ALI ALHADDAD/OneDrive/Desktop/kuwaittravel/src/components/ui/Textarea.test.tsx"},{"assertionResults":[{"ancestorTitles":["format utilities","formatKWD"],"fullName":"format utilities formatKWD formats amounts as Kuwaiti dinar currency","status":"passed","title":"formats amounts as Kuwaiti dinar currency","duration":102.98639999999978,"failureMessages":[],"meta":{}},{"ancestorTitles":["format utilities","formatDate"],"fullName":"format utilities formatDate formats dates with the provided locale","status":"passed","title":"formats dates with the provided locale","duration":50.09259999999995,"failureMessages":[],"meta":{}},{"ancestorTitles":["format utilities","parseTimestamp"],"fullName":"format utilities parseTimestamp returns a Date when the input is already a Date instance","status":"passed","title":"returns a Date when the input is already a Date instance","duration":1.4521999999997206,"failureMessages":[],"meta":{}},{"ancestorTitles":["format utilities","parseTimestamp"],"fullName":"format utilities parseTimestamp parses valid ISO date strings","status":"passed","title":"parses valid ISO date strings","duration":1.222099999999955,"failureMessages":[],"meta":{}},{"ancestorTitles":["format utilities","parseTimestamp"],"fullName":"format utilities parseTimestamp parses Firestore-like objects with toDate()","status":"passed","title":"parses Firestore-like objects with toDate()","duration":0.3999999999996362,"failureMessages":[],"meta":{}},{"ancestorTitles":["format utilities","parseTimestamp"],"fullName":"format utilities parseTimestamp parses Firestore-like objects with seconds","status":"passed","title":"parses Firestore-like objects with seconds","duration":0.3350000000000364,"failureMessages":[],"meta":{}},{"ancestorTitles":["format utilities","parseTimestamp"],"fullName":"format utilities parseTimestamp returns null for invalid values","status":"passed","title":"returns null for invalid values","duration":0.5471999999999753,"failureMessages":[],"meta":{}},{"ancestorTitles":["format utilities","formatTimestamp"],"fullName":"format utilities formatTimestamp returns fallback label when value cannot be parsed","status":"passed","title":"returns fallback label when value cannot be parsed","duration":0.4207000000001244,"failureMessages":[],"meta":{}},{"ancestorTitles":["format utilities","formatRelativeTime"],"fullName":"format utilities formatRelativeTime formats minute-level relative time","status":"passed","title":"formats minute-level relative time","duration":8.898400000000038,"failureMessages":[],"meta":{}},{"ancestorTitles":["format utilities","formatRelativeTime"],"fullName":"format utilities formatRelativeTime formats month-level relative time","status":"passed","title":"formats month-level relative time","duration":1.0414999999998145,"failureMessages":[],"meta":{}},{"ancestorTitles":["format utilities","formatPhone"],"fullName":"format utilities formatPhone formats Kuwait numbers with country code","status":"passed","title":"formats Kuwait numbers with country code","duration":0.8485999999998057,"failureMessages":[],"meta":{}},{"ancestorTitles":["format utilities","formatPhone"],"fullName":"format utilities formatPhone returns original phone for non-kuwait patterns","status":"passed","title":"returns original phone for non-kuwait patterns","duration":0.28239999999959764,"failureMessages":[],"meta":{}}],"startTime":1771259205868,"endTime":1771259206038.2825,"status":"passed","message":"","name":"C:/Users/ALI ALHADDAD/OneDrive/Desktop/kuwaittravel/src/lib/utils/format.test.ts"},{"assertionResults":[{"ancestorTitles":["trip utils","toTripCardStatus"],"fullName":"trip utils toTripCardStatus maps draft status to draft card state","status":"passed","title":"maps draft status to draft card state","duration":2.007799999999861,"failureMessages":[],"meta":{}},{"ancestorTitles":["trip utils","toTripCardStatus"],"fullName":"trip utils toTripCardStatus maps completed status to completed card state","status":"passed","title":"maps completed status to completed card state","duration":0.45640000000003056,"failureMessages":[],"meta":{}},{"ancestorTitles":["trip utils","toTripCardStatus"],"fullName":"trip utils toTripCardStatus maps cancelled status to cancelled card state","status":"passed","title":"maps cancelled status to cancelled card state","duration":0.32799999999997453,"failureMessages":[],"meta":{}},{"ancestorTitles":["trip utils","toTripCardStatus"],"fullName":"trip utils toTripCardStatus maps active-like statuses to active card state","status":"passed","title":"maps active-like statuses to active card state","duration":0.4412999999999556,"failureMessages":[],"meta":{}},{"ancestorTitles":["trip utils","isBookableTrip"],"fullName":"trip utils isBookableTrip returns true for published and registration_open statuses","status":"passed","title":"returns true for published and registration_open statuses","duration":0.3766000000000531,"failureMessages":[],"meta":{}},{"ancestorTitles":["trip utils","isBookableTrip"],"fullName":"trip utils isBookableTrip returns false for non-bookable statuses","status":"passed","title":"returns false for non-bookable statuses","duration":0.41440000000011423,"failureMessages":[],"meta":{}}],"startTime":1771259205838,"endTime":1771259205842.4143,"status":"passed","message":"","name":"C:/Users/ALI ALHADDAD/OneDrive/Desktop/kuwaittravel/src/lib/utils/trip.test.ts"},{"assertionResults":[{"ancestorTitles":["DiscoverPage"],"fullName":"DiscoverPage shows loading skeletons while data is pending","status":"passed","title":"shows loading skeletons while data is pending","duration":77.01779999999962,"failureMessages":[],"meta":{}},{"ancestorTitles":["DiscoverPage"],"fullName":"DiscoverPage renders trips and campaigns after load","status":"passed","title":"renders trips and campaigns after load","duration":104.55879999999979,"failureMessages":[],"meta":{}},{"ancestorTitles":["DiscoverPage"],"fullName":"DiscoverPage filters trips using the search query","status":"passed","title":"filters trips using the search query","duration":49.39819999999963,"failureMessages":[],"meta":{}},{"ancestorTitles":["DiscoverPage"],"fullName":"DiscoverPage shows empty state when no trip matches search","status":"passed","title":"shows empty state when no trip matches search","duration":47.476700000000164,"failureMessages":[],"meta":{}},{"ancestorTitles":["DiscoverPage"],"fullName":"DiscoverPage navigates to trip details when a trip card is clicked","status":"passed","title":"navigates to trip details when a trip card is clicked","duration":34.585000000000036,"failureMessages":[],"meta":{}},{"ancestorTitles":["DiscoverPage"],"fullName":"DiscoverPage shows a load error banner when API requests fail","status":"passed","title":"shows a load error banner when API requests fail","duration":17.834499999999935,"failureMessages":[],"meta":{}}],"startTime":1771259206711,"endTime":1771259207042.8345,"status":"passed","message":"","name":"C:/Users/ALI ALHADDAD/OneDrive/Desktop/kuwaittravel/src/app/(b2c)/app/discover/page.test.tsx"}]}